
RAMONA	Mon May 01 17:27:28 2017
	ib_util init failed, UDFs can't be used - looks like firebird misconfigured
	
	D:\Development\project\embedded-example\fb\ib_util.dll library has not been found
	D:\Development\project\embedded-example\fb\ib_util.dll library has not been found
	ib_util.dll library has not been found


RAMONA	Fri Sep 08 08:12:38 2017
	ib_util init failed, UDFs can't be used - looks like firebird misconfigured
	
	D:\Development\project\embedded-example\fb\ib_util.dll library has not been found
	D:\Development\project\embedded-example\fb\ib_util.dll library has not been found
	ib_util.dll library has not been found


RAMONA	Fri Sep 08 08:13:28 2017
	ib_util init failed, UDFs can't be used - looks like firebird misconfigured
	
	D:\Development\project\embedded-example\fb\ib_util.dll library has not been found
	D:\Development\project\embedded-example\fb\ib_util.dll library has not been found
	ib_util.dll library has not been found


RAMONA	Fri Sep 08 08:29:45 2017
	ib_util init failed, UDFs can't be used - looks like firebird misconfigured
	
	D:\Development\project\embedded-example\fb\ib_util.dll library has not been found
	D:\Development\project\embedded-example\fb\ib_util.dll library has not been found
	ib_util.dll library has not been found


RAMONA	Fri Sep 08 08:41:28 2017
	ib_util init failed, UDFs can't be used - looks like firebird misconfigured
	
	D:\Development\project\embedded-example\fb\ib_util.dll library has not been found
	D:\Development\project\embedded-example\fb\ib_util.dll library has not been found
	ib_util.dll library has not been found

